[GIN-debug] [WARNING] Running in "debug" mode. Switch to "release" mode in production.
 - using env:	export GIN_MODE=release
 - using code:	gin.SetMode(gin.ReleaseMode)

[GIN-debug] POST   /v1/user/login            --> github.com/appleboy/gin-jwt/v2.(*GinJWTMiddleware).LoginHandler-fm (2 handlers)
[GIN-debug] POST   /v1/user/register         --> mynote/cmd/api/hendlers.Register (2 handlers)
[GIN-debug] GET    /v1/note/query            --> mynote/cmd/api/hendlers.QueryNote (3 handlers)
[GIN-debug] POST   /v1/note                  --> mynote/cmd/api/hendlers.CreateNote (3 handlers)
[GIN-debug] PUT    /v1/note/:note_id         --> mynote/cmd/api/hendlers.UpdateNote (3 handlers)
[GIN-debug] DELETE /v1/note/:note_id         --> mynote/cmd/api/hendlers.DeleteNote (3 handlers)
[GIN] 2022/06/30 - 00:36:51 | 200 |     15.6361ms |             ::1 | POST     "/v1/user/register"
[GIN] 2022/06/30 - 00:36:58 | 200 |     15.7272ms |             ::1 | POST     "/v1/user/register"
[GIN] 2022/06/30 - 00:37:03 | 200 |     22.4147ms |             ::1 | POST     "/v1/user/register"
[GIN] 2022/06/30 - 00:37:06 | 200 |     14.8055ms |             ::1 | POST     "/v1/user/register"
[GIN] 2022/06/30 - 00:37:09 | 200 |     24.0081ms |             ::1 | POST     "/v1/user/register"
[GIN] 2022/06/30 - 00:37:12 | 200 |      3.4062ms |             ::1 | POST     "/v1/user/register"
[GIN] 2022/06/30 - 00:37:27 | 200 |      4.5684ms |             ::1 | POST     "/v1/user/register"
[GIN] 2022/06/30 - 00:37:35 | 200 |      6.0684ms |             ::1 | POST     "/v1/user/register"
[GIN] 2022/06/30 - 00:37:41 | 200 |      4.7113ms |             ::1 | POST     "/v1/user/register"
[GIN] 2022/06/30 - 00:38:08 | 200 |     20.9739ms |             ::1 | POST     "/v1/user/register"
[GIN] 2022/06/30 - 00:38:15 | 200 |      3.8163ms |             ::1 | POST     "/v1/user/register"
[GIN] 2022/06/30 - 00:38:21 | 200 |      4.4397ms |             ::1 | POST     "/v1/user/register"
[GIN] 2022/06/30 - 00:38:28 | 200 |      4.5962ms |             ::1 | POST     "/v1/user/register"
[GIN] 2022/06/30 - 00:38:43 | 200 |      3.8445ms |             ::1 | POST     "/v1/user/register"
[GIN] 2022/06/30 - 00:38:55 | 200 |            0s |             ::1 | POST     "/v1/user/register"
[GIN] 2022/06/30 - 00:38:55 | 200 |            0s |             ::1 | POST     "/v1/user/register"
[GIN] 2022/06/30 - 00:38:58 | 200 |            0s |             ::1 | POST     "/v1/user/register"
[GIN] 2022/06/30 - 00:39:05 | 200 |      6.7161ms |             ::1 | POST     "/v1/user/register"
[GIN] 2022/06/30 - 00:39:08 | 200 |       1.225ms |             ::1 | POST     "/v1/user/register"
[GIN] 2022/06/30 - 00:39:09 | 200 |      1.4002ms |             ::1 | POST     "/v1/user/register"
[GIN] 2022/06/30 - 00:39:10 | 200 |       997.2µs |             ::1 | POST     "/v1/user/register"
[GIN] 2022/06/30 - 00:39:11 | 200 |       996.2µs |             ::1 | POST     "/v1/user/register"
[GIN] 2022/06/30 - 00:39:11 | 200 |     16.9083ms |             ::1 | POST     "/v1/user/register"
[GIN] 2022/06/30 - 00:39:12 | 200 |      1.0955ms |             ::1 | POST     "/v1/user/register"
